------ value of a-------

[ 1.15374978 -0.75922779  0.27007473 -0.12612713  1.27611772 -0.30824756
  1.03709176 -0.43992205 -0.89374444 -0.64629013 -0.63105615 -1.02505427
  2.26757014  0.21229234  0.01270334 -0.61936855 -0.43208827  0.29952116
  0.36831571 -0.261383    2.23933725  0.76877488  0.45357779  0.29052445
 -0.38989327  0.24226647  0.97451462  0.4028536   0.88592886  0.59615343
 -0.6426494   0.45628726  1.00447909 -0.62780855  0.72156333  0.7037043
 -0.29494361 -1.58280026 -0.44649229  0.35296603 -0.57516829  1.27537654
 -0.35602632  0.41580059  1.75685626  1.47420311 -0.23819015 -0.89723504
 -0.26043053  0.48468735  1.36094429 -1.44220207 -0.75933417 -0.63542058
  1.05700729 -0.33004741  0.52620207  0.26094461 -1.60352985  1.41398139
  0.36890643 -0.6457105   0.32857068  0.85232557 -0.71374858  0.64463417
 -0.0087293   1.5365063   0.3633505   1.3777971  -0.05971403 -0.71106192
  1.3662905  -0.96499904 -0.26386211 -0.34027668  0.3664314   0.14896753
 -0.24385409  2.52373042 -0.55553844  2.15738017 -0.20968683  0.85250166
  0.31042134  0.29441275 -0.39808582  0.13086626 -0.64634755 -1.06378906
  1.68263778  1.321969   -0.72289103  0.14994815 -1.2792179   0.58566296
 -0.08415085 -0.51075925  0.72475019  0.4834701 ]
index:[ True False  True False  True False  True False False False False False
  True  True False False False  True  True False  True  True  True  True
 False  True  True  True  True  True False  True  True False  True  True
 False False False  True False  True False  True  True  True False False
 False  True  True False False False  True False  True  True False  True
  True False  True  True False  True False  True  True  True False False
  True False False False  True False False  True False  True False  True
  True  True False False False False  True  True False False False  True
 False False  True  True]----
b:[ 1.15374978  0.27007473  1.27611772  1.03709176  2.26757014  0.21229234
  0.29952116  0.36831571  2.23933725  0.76877488  0.45357779  0.29052445
  0.24226647  0.97451462  0.4028536   0.88592886  0.59615343  0.45628726
  1.00447909  0.72156333  0.7037043   0.35296603  1.27537654  0.41580059
  1.75685626  1.47420311  0.48468735  1.36094429  1.05700729  0.52620207
  0.26094461  1.41398139  0.36890643  0.32857068  0.85232557  0.64463417
  1.5365063   0.3633505   1.3777971   1.3662905   0.3664314   2.52373042
  2.15738017  0.85250166  0.31042134  0.29441275  1.68263778  1.321969
  0.58566296  0.72475019  0.4834701 ]

-----
a[index] [ -6.68861441e-01  -7.59227790e-01  -1.92705964e+00  -1.26127132e-01
  -3.71523562e-01  -3.08247565e-01  -9.24440676e-01  -4.39922047e-01
  -8.93744442e-01  -6.46290133e-01  -6.31056155e-01  -1.02505427e+00
   3.14187435e+00  -1.95493196e+00   1.27033434e-02  -6.19368547e-01
  -4.32088275e-01  -1.91028708e+00  -1.86434354e+00  -2.61383003e-01
   3.01463133e+00  -1.40898518e+00  -1.79426719e+00  -1.91559555e+00
  -3.89893272e-01  -1.94130696e+00  -1.05032126e+00  -1.83770898e+00
  -1.21513006e+00  -1.64460109e+00  -6.42649397e-01  -1.79180194e+00
  -9.91021750e-01  -6.27808553e-01  -1.47934637e+00  -1.50480025e+00
  -2.94943614e-01  -1.58280026e+00  -4.46492286e-01  -1.87541498e+00
  -5.75168287e-01  -3.73414674e-01  -3.56026319e-01  -1.82710987e+00
   1.08654391e+00   1.73274820e-01  -2.38190152e-01  -8.97235042e-01
  -2.60430534e-01  -1.76507817e+00  -1.47830642e-01  -1.44220207e+00
  -7.59334174e-01  -6.35420580e-01  -8.82735588e-01  -3.30047409e-01
  -1.72311139e+00  -1.93190791e+00  -1.60352985e+00  -6.56623975e-04
  -1.86390805e+00  -6.45710502e-01  -1.89204131e+00  -1.27354113e+00
  -7.13748582e-01  -1.58444679e+00  -8.72930488e-03   3.60851611e-01
  -1.86797641e+00  -1.01675144e-01  -5.97140347e-02  -7.11061922e-01
  -1.33250272e-01  -9.64999042e-01  -2.63862106e-01  -3.40276683e-01
  -1.86572803e+00   1.48967535e-01  -2.43854088e-01   4.36921525e+00
  -5.55538445e-01   2.65428918e+00  -2.09686833e-01  -1.27324092e+00
  -1.90363859e+00  -1.91332113e+00  -3.98085817e-01   1.30866264e-01
  -6.46347551e-01  -1.06378906e+00   8.31269893e-01  -2.52397958e-01
  -7.22891031e-01   1.49948147e-01  -1.27921790e+00  -1.65699890e+00
  -8.41508519e-02  -5.10759248e-01  -1.47473717e+00  -1.76625667e+00]
